2025-12-29 14:55:15 [main] INFO  com.mtomics.utils.ConfigReader - Configuration loaded successfully from src/test/resources/config/config.properties
2025-12-29 14:55:15 [main] INFO  com.mtomics.hooks.Hooks - ========================================
2025-12-29 14:55:15 [main] INFO  com.mtomics.hooks.Hooks - Starting scenario: Successfully invite a manager with valid details
2025-12-29 14:55:15 [main] INFO  com.mtomics.hooks.Hooks - Tags: [@admin, @invite, @manager, @smoke, @positive]
2025-12-29 14:55:15 [main] INFO  com.mtomics.hooks.Hooks - ========================================
2025-12-29 14:55:15 [main] INFO  com.mtomics.utils.DriverManager - Initializing chrome driver in normal mode
2025-12-29 14:55:17 [main] INFO  com.mtomics.utils.DriverManager - Driver initialized successfully
2025-12-29 14:55:17 [main] INFO  com.mtomics.hooks.Hooks - Navigating to base URL: https://dev1.mtomics.com
2025-12-29 14:55:22 [main] INFO  com.mtomics.pages.BasePage - AdminLoginPage initialized
2025-12-29 14:55:22 [main] INFO  com.mtomics.pages.BasePage - UserManagementPage initialized
2025-12-29 14:55:22 [main] INFO  com.mtomics.utils.LogHelper - STEP: Navigating to MTOmics login page
2025-12-29 14:55:23 [main] DEBUG com.mtomics.utils.WaitHelper - Waiting for element to be visible: [[ChromeDriver: chrome on windows (c1543e0c6bbd2c6cab88b2a8a8fb140e)] -> xpath: //p[contains(text(),'Sign In')]]
2025-12-29 14:55:23 [main] INFO  com.mtomics.utils.LogHelper - STEP: Entering email: ajith.r+admin@spritle.com
2025-12-29 14:55:23 [main] INFO  com.mtomics.utils.LogHelper - STEP: Entering email: ajith.r+admin@spritle.com
2025-12-29 14:55:23 [main] DEBUG com.mtomics.utils.WaitHelper - Waiting for element to be visible: [[ChromeDriver: chrome on windows (c1543e0c6bbd2c6cab88b2a8a8fb140e)] -> xpath: //input[@placeholder='Enter your email' or @name='email']]
2025-12-29 14:55:23 [main] DEBUG com.mtomics.pages.BasePage - Email entered: ajith.r+admin@spritle.com
2025-12-29 14:55:23 [main] INFO  com.mtomics.utils.LogHelper - STEP: Entering password
2025-12-29 14:55:23 [main] INFO  com.mtomics.utils.LogHelper - STEP: Entering password
2025-12-29 14:55:23 [main] DEBUG com.mtomics.utils.WaitHelper - Waiting for element to be visible: [[ChromeDriver: chrome on windows (c1543e0c6bbd2c6cab88b2a8a8fb140e)] -> xpath: //input[@placeholder='Enter your password' or @name='password']]
2025-12-29 14:55:24 [main] DEBUG com.mtomics.pages.BasePage - Password entered
2025-12-29 14:55:24 [main] INFO  com.mtomics.utils.LogHelper - STEP: Clicking sign in button
2025-12-29 14:55:24 [main] INFO  com.mtomics.utils.LogHelper - STEP: Clicking Sign In button
2025-12-29 14:55:24 [main] DEBUG com.mtomics.utils.WaitHelper - Waiting for element to be clickable: [[ChromeDriver: chrome on windows (c1543e0c6bbd2c6cab88b2a8a8fb140e)] -> xpath: //button[@type='submit' and contains(text(),'Sign In')]]
2025-12-29 14:55:24 [main] INFO  com.mtomics.pages.BasePage - Sign In button clicked
2025-12-29 14:55:24 [main] INFO  com.mtomics.utils.LogHelper - STEP: Verifying redirection to users page
2025-12-29 14:55:24 [main] WARN  com.mtomics.utils.WaitHelper - Using hard wait for 2000 milliseconds
2025-12-29 14:55:26 [main] INFO  com.mtomics.utils.LogHelper - STEP: Verifying user management page is displayed
2025-12-29 14:55:26 [main] DEBUG com.mtomics.utils.WaitHelper - Waiting for element to be visible: [[ChromeDriver: chrome on windows (c1543e0c6bbd2c6cab88b2a8a8fb140e)] -> xpath: //input[@placeholder='Search']]
2025-12-29 14:55:26 [main] DEBUG com.mtomics.utils.WaitHelper - Waiting for element to be visible: [[ChromeDriver: chrome on windows (c1543e0c6bbd2c6cab88b2a8a8fb140e)] -> xpath: //button[contains(text(),'New Invite') or contains(text(),'Add User')]]
2025-12-29 14:55:26 [main] INFO  com.mtomics.pages.BasePage - UserManagementPage initialized
2025-12-29 14:55:26 [main] INFO  com.mtomics.pages.BasePage - InviteUserPage initialized
2025-12-29 14:55:26 [main] INFO  com.mtomics.utils.LogHelper - STEP: Clicking new invite button
2025-12-29 14:55:26 [main] INFO  com.mtomics.utils.LogHelper - STEP: Clicking New Invite button
2025-12-29 14:55:26 [main] DEBUG com.mtomics.utils.WaitHelper - Waiting for element to be clickable: [[ChromeDriver: chrome on windows (c1543e0c6bbd2c6cab88b2a8a8fb140e)] -> xpath: //button[contains(text(),'New Invite') or contains(text(),'Add User')]]
2025-12-29 14:55:26 [main] INFO  com.mtomics.pages.BasePage - New Invite button clicked
2025-12-29 14:55:26 [main] WARN  com.mtomics.utils.WaitHelper - Using hard wait for 1000 milliseconds
2025-12-29 14:55:29 [main] DEBUG com.mtomics.utils.WaitHelper - Waiting for element to be visible: [[ChromeDriver: chrome on windows (c1543e0c6bbd2c6cab88b2a8a8fb140e)] -> xpath: //h2[contains(text(),'Add User')]]
2025-12-29 14:55:29 [main] INFO  com.mtomics.pages.BasePage - UserManagementPage initialized
2025-12-29 14:55:29 [main] INFO  com.mtomics.pages.BasePage - InviteUserPage initialized
2025-12-29 14:55:29 [main] INFO  com.mtomics.utils.LogHelper - STEP: Entering manager email: gopinath.e+managerA1@spritle.com
2025-12-29 14:55:29 [main] INFO  com.mtomics.utils.LogHelper - STEP: Entering email: gopinath.e+managerA1@spritle.com
2025-12-29 14:55:29 [main] DEBUG com.mtomics.utils.WaitHelper - Waiting for element to be visible: [[ChromeDriver: chrome on windows (c1543e0c6bbd2c6cab88b2a8a8fb140e)] -> xpath: //input[@placeholder='Enter email address' or @type='email']]
2025-12-29 14:55:29 [main] DEBUG com.mtomics.pages.BasePage - Email entered: gopinath.e+managerA1@spritle.com
2025-12-29 14:55:29 [main] INFO  com.mtomics.utils.LogHelper - STEP: Entering manager first name: Lakshmi
2025-12-29 14:55:29 [main] INFO  com.mtomics.utils.LogHelper - STEP: Entering first name: Lakshmi
2025-12-29 14:55:29 [main] DEBUG com.mtomics.utils.WaitHelper - Waiting for element to be visible: [[ChromeDriver: chrome on windows (c1543e0c6bbd2c6cab88b2a8a8fb140e)] -> xpath: //input[@placeholder='First name']]
2025-12-29 14:55:30 [main] DEBUG com.mtomics.pages.BasePage - First name entered: Lakshmi
2025-12-29 14:55:30 [main] INFO  com.mtomics.utils.LogHelper - STEP: Entering manager last name: Suresh
2025-12-29 14:55:30 [main] INFO  com.mtomics.utils.LogHelper - STEP: Entering last name: Suresh
2025-12-29 14:55:30 [main] DEBUG com.mtomics.utils.WaitHelper - Waiting for element to be visible: [[ChromeDriver: chrome on windows (c1543e0c6bbd2c6cab88b2a8a8fb140e)] -> xpath: //input[@placeholder='Last name']]
2025-12-29 14:55:30 [main] DEBUG com.mtomics.pages.BasePage - Last name entered: Suresh
2025-12-29 14:55:30 [main] INFO  com.mtomics.utils.LogHelper - STEP: Selecting role: Manager
2025-12-29 14:55:30 [main] INFO  com.mtomics.utils.LogHelper - STEP: Selecting role: Manager
2025-12-29 14:55:30 [main] INFO  com.mtomics.utils.DropdownHelper - Selecting dropdown option by text: Manager
2025-12-29 14:55:30 [main] DEBUG com.mtomics.utils.DropdownHelper - Option selected successfully
2025-12-29 14:55:30 [main] INFO  com.mtomics.utils.LogHelper - STEP: Verifying email preview with manager role details
2025-12-29 14:55:30 [main] WARN  com.mtomics.utils.WaitHelper - Using hard wait for 8000 milliseconds
2025-12-29 14:55:38 [main] DEBUG com.mtomics.utils.WaitHelper - Waiting for element to be visible: [!!!jdk.proxy2.$Proxy36@307cf964=>org.openqa.selenium.NoSuchSessionException:invalid session id: session deleted as the browser has closed the connection
from disconnected: not connected to DevTools
  (Session info: chrome=143.0.7499.170)
Build info: version: '4.15.0', revision: '1d14b5521b'
System info: os.name: 'Windows 11', os.arch: 'amd64', os.version: '10.0', java.version: '21.0.4'
Driver info: org.openqa.selenium.chrome.ChromeDriver
Command: [c1543e0c6bbd2c6cab88b2a8a8fb140e, findElement {using=xpath, value=//*[@id="radix-_r_e_"]/div/form/div[4]}]
Capabilities {acceptInsecureCerts: false, browserName: chrome, browserVersion: 143.0.7499.170, chrome: {chromedriverVersion: 143.0.7499.169 (164b20aab62..., userDataDir: C:\Users\gopi2\AppData\Loca...}, fedcm:accounts: true, goog:chromeOptions: {debuggerAddress: localhost:65489}, goog:processID: 19848, networkConnectionEnabled: false, pageLoadStrategy: normal, platformName: windows, proxy: Proxy(), se:cdp: ws://localhost:65489/devtoo..., se:cdpVersion: 143.0.7499.170, setWindowRect: true, strictFileInteractability: false, timeouts: {implicit: 0, pageLoad: 300000, script: 30000}, unhandledPromptBehavior: dismiss and notify, webauthn:extension:credBlob: true, webauthn:extension:largeBlob: true, webauthn:extension:minPinLength: true, webauthn:extension:prf: true, webauthn:virtualAuthenticators: true}
Session ID: c1543e0c6bbd2c6cab88b2a8a8fb140e!!!]
2025-12-29 14:55:38 [main] ERROR com.mtomics.utils.WaitHelper - Element not visible: [!!!jdk.proxy2.$Proxy36@307cf964=>org.openqa.selenium.NoSuchSessionException:invalid session id
Build info: version: '4.15.0', revision: '1d14b5521b'
System info: os.name: 'Windows 11', os.arch: 'amd64', os.version: '10.0', java.version: '21.0.4'
Driver info: org.openqa.selenium.chrome.ChromeDriver
Command: [c1543e0c6bbd2c6cab88b2a8a8fb140e, findElement {using=xpath, value=//*[@id="radix-_r_e_"]/div/form/div[4]}]
Capabilities {acceptInsecureCerts: false, browserName: chrome, browserVersion: 143.0.7499.170, chrome: {chromedriverVersion: 143.0.7499.169 (164b20aab62..., userDataDir: C:\Users\gopi2\AppData\Loca...}, fedcm:accounts: true, goog:chromeOptions: {debuggerAddress: localhost:65489}, goog:processID: 19848, networkConnectionEnabled: false, pageLoadStrategy: normal, platformName: windows, proxy: Proxy(), se:cdp: ws://localhost:65489/devtoo..., se:cdpVersion: 143.0.7499.170, setWindowRect: true, strictFileInteractability: false, timeouts: {implicit: 0, pageLoad: 300000, script: 30000}, unhandledPromptBehavior: dismiss and notify, webauthn:extension:credBlob: true, webauthn:extension:largeBlob: true, webauthn:extension:minPinLength: true, webauthn:extension:prf: true, webauthn:virtualAuthenticators: true}
Session ID: c1543e0c6bbd2c6cab88b2a8a8fb140e!!!]
2025-12-29 14:55:38 [main] INFO  com.mtomics.hooks.Hooks - ========================================
2025-12-29 14:55:38 [main] INFO  com.mtomics.hooks.Hooks - Finishing scenario: Successfully invite a manager with valid details
2025-12-29 14:55:38 [main] INFO  com.mtomics.hooks.Hooks - Status: FAILED
2025-12-29 14:55:38 [main] INFO  com.mtomics.hooks.Hooks - ========================================
2025-12-29 14:55:38 [main] INFO  com.mtomics.hooks.Hooks - Taking screenshot for failed scenario: Successfully invite a manager with valid details
2025-12-29 14:55:38 [main] ERROR com.mtomics.hooks.Hooks - Failed to take screenshot: invalid session id
Build info: version: '4.15.0', revision: '1d14b5521b'
System info: os.name: 'Windows 11', os.arch: 'amd64', os.version: '10.0', java.version: '21.0.4'
Driver info: org.openqa.selenium.chrome.ChromeDriver
Command: [c1543e0c6bbd2c6cab88b2a8a8fb140e, screenshot {}]
Capabilities {acceptInsecureCerts: false, browserName: chrome, browserVersion: 143.0.7499.170, chrome: {chromedriverVersion: 143.0.7499.169 (164b20aab62..., userDataDir: C:\Users\gopi2\AppData\Loca...}, fedcm:accounts: true, goog:chromeOptions: {debuggerAddress: localhost:65489}, goog:processID: 19848, networkConnectionEnabled: false, pageLoadStrategy: normal, platformName: windows, proxy: Proxy(), se:cdp: ws://localhost:65489/devtoo..., se:cdpVersion: 143.0.7499.170, setWindowRect: true, strictFileInteractability: false, timeouts: {implicit: 0, pageLoad: 300000, script: 30000}, unhandledPromptBehavior: dismiss and notify, webauthn:extension:credBlob: true, webauthn:extension:largeBlob: true, webauthn:extension:minPinLength: true, webauthn:extension:prf: true, webauthn:virtualAuthenticators: true}
Session ID: c1543e0c6bbd2c6cab88b2a8a8fb140e
2025-12-29 14:55:38 [main] INFO  com.mtomics.utils.DriverManager - Quitting driver
2025-12-29 14:55:38 [main] INFO  com.mtomics.utils.DriverManager - Driver quit successfully
2025-12-29 14:55:38 [main] INFO  com.mtomics.hooks.Hooks - ========================================
2025-12-29 14:55:38 [main] INFO  com.mtomics.hooks.Hooks - Starting scenario: Invite manager with duplicate email
2025-12-29 14:55:38 [main] INFO  com.mtomics.hooks.Hooks - Tags: [@admin, @invite, @manager, @negative]
2025-12-29 14:55:38 [main] INFO  com.mtomics.hooks.Hooks - ========================================
2025-12-29 14:55:38 [main] INFO  com.mtomics.utils.DriverManager - Initializing chrome driver in normal mode
2025-12-29 14:55:39 [main] INFO  com.mtomics.utils.DriverManager - Driver initialized successfully
2025-12-29 14:55:39 [main] INFO  com.mtomics.hooks.Hooks - Navigating to base URL: https://dev1.mtomics.com
